{"message":{"url":"/users","query parameters":{},"body":{}},"level":"info"}
{"message":{"url":"/users","query parameters":{},"body":{"name":"TEST_USER","login":"test_user","password":"T35t_P@55w0rd"}},"level":"info"}
{"message":{"url":"/users/76249900-9391-4b5c-80ae-6d9e169e2716","query parameters":{},"body":{}},"level":"info"}
{"message":{"url":"/users/76249900-9391-4b5c-80ae-6d9e169e2716","query parameters":{},"body":{}},"level":"info"}
{"message":{"url":"/users","query parameters":{},"body":{"name":"TEST_USER","login":"test_user","password":"T35t_P@55w0rd"}},"level":"info"}
{"message":{"url":"/users/04bead01-96af-4535-bbd4-763b7d922e58","query parameters":{},"body":{}},"level":"info"}
{"message":{"url":"/users","query parameters":{},"body":{"name":"TEST_USER","login":"test_user","password":"T35t_P@55w0rd"}},"level":"info"}
{"message":{"url":"/users/9c67316b-df03-4974-98f5-cd62dd710007","query parameters":{},"body":{"name":"Autotest updated TEST_USER","login":"test_user","password":"T35t_P@55w0rd","id":"9c67316b-df03-4974-98f5-cd62dd710007"}},"level":"info"}
{"message":{"url":"/users/9c67316b-df03-4974-98f5-cd62dd710007","query parameters":{},"body":{}},"level":"info"}
{"message":{"url":"/users/9c67316b-df03-4974-98f5-cd62dd710007","query parameters":{},"body":{}},"level":"info"}
{"message":{"url":"/users","query parameters":{},"body":{"name":"TEST_USER","login":"test_user","password":"T35t_P@55w0rd"}},"level":"info"}
{"message":{"url":"/users/b235d6ac-cbff-4089-8d5f-19d800d538e4","query parameters":{},"body":{}},"level":"info"}
{"message":{"url":"/users","query parameters":{},"body":{"name":"TEST_USER","login":"test_user","password":"T35t_P@55w0rd"}},"level":"info"}
{"message":{"url":"/boards","query parameters":{},"body":{"title":"Autotest board","columns":[{"title":"Backlog","order":1},{"title":"Sprint","order":2}]}},"level":"info"}
{"message":{"url":"/boards/f65b6e6d-17b1-4363-84d4-0a254e382241/tasks","query parameters":{},"body":{"title":"Task #1","order":1,"description":"Lorem ipsum","userId":"bf7c6cd0-459b-4167-99f2-8ebff3778d55","boardId":"f65b6e6d-17b1-4363-84d4-0a254e382241"}},"level":"info"}
{"message":{"url":"/boards/f65b6e6d-17b1-4363-84d4-0a254e382241/tasks","query parameters":{},"body":{"title":"Task #2","order":2,"description":"Lorem ipsum","userId":"bf7c6cd0-459b-4167-99f2-8ebff3778d55","boardId":"f65b6e6d-17b1-4363-84d4-0a254e382241"}},"level":"info"}
{"message":{"url":"/users/bf7c6cd0-459b-4167-99f2-8ebff3778d55","query parameters":{},"body":{}},"level":"info"}
{"message":{"url":"/boards/f65b6e6d-17b1-4363-84d4-0a254e382241/tasks/a0f2d9b7-95f2-49f5-86e1-d5d4008fe169","query parameters":{},"body":{}},"level":"info"}
{"message":{"url":"/boards/f65b6e6d-17b1-4363-84d4-0a254e382241/tasks/988a8510-3884-403a-a29b-80e37ebe9285","query parameters":{},"body":{}},"level":"info"}
{"message":{"url":"/boards/f65b6e6d-17b1-4363-84d4-0a254e382241/tasks/a0f2d9b7-95f2-49f5-86e1-d5d4008fe169","query parameters":{},"body":{}},"level":"info"}
{"message":{"url":"/boards/f65b6e6d-17b1-4363-84d4-0a254e382241/tasks/988a8510-3884-403a-a29b-80e37ebe9285","query parameters":{},"body":{}},"level":"info"}
{"message":{"url":"/boards/f65b6e6d-17b1-4363-84d4-0a254e382241","query parameters":{},"body":{}},"level":"info"}
{"message":{"url":"/boards","query parameters":{},"body":{"title":"Autotest board","columns":[{"title":"Backlog","order":1},{"title":"Sprint","order":2}]}},"level":"info"}
{"message":{"url":"/boards","query parameters":{},"body":{}},"level":"info"}
{"message":{"url":"/boards","query parameters":{},"body":{}},"level":"info"}
{"message":{"url":"/boards/f1bcbe75-fab4-405b-8578-46d971a7d7cf","query parameters":{},"body":{}},"level":"info"}
{"message":{"url":"/boards","query parameters":{},"body":{"title":"Autotest board","columns":[{"title":"Backlog","order":1},{"title":"Sprint","order":2}]}},"level":"info"}
{"message":{"url":"/boards/6a603f6a-e69b-4719-8767-fe0266ac191a","query parameters":{},"body":{}},"level":"info"}
{"message":{"url":"/boards","query parameters":{},"body":{"title":"Autotest board","columns":[{"title":"Backlog","order":1},{"title":"Sprint","order":2}]}},"level":"info"}
{"message":{"url":"/boards/5a7395b3-1434-447a-bcad-d2a986cffcfe","query parameters":{},"body":{"id":"5a7395b3-1434-447a-bcad-d2a986cffcfe","title":"Autotest updated board","columns":[{"title":"Backlog","order":1},{"title":"Sprint","order":2}]}},"level":"info"}
{"message":{"url":"/boards/5a7395b3-1434-447a-bcad-d2a986cffcfe","query parameters":{},"body":{}},"level":"info"}
{"message":{"url":"/boards/5a7395b3-1434-447a-bcad-d2a986cffcfe","query parameters":{},"body":{}},"level":"info"}
{"message":{"url":"/boards","query parameters":{},"body":{"title":"Autotest board","columns":[{"title":"Backlog","order":1},{"title":"Sprint","order":2}]}},"level":"info"}
{"message":{"url":"/boards/62f80d8b-1f8e-41f9-89ce-6f04440beef3","query parameters":{},"body":{}},"level":"info"}
{"message":{"url":"/boards/62f80d8b-1f8e-41f9-89ce-6f04440beef3","query parameters":{},"body":{}},"level":"info"}
{"message":{"url":"/boards","query parameters":{},"body":{"title":"Autotest board","columns":[{"title":"Backlog","order":1},{"title":"Sprint","order":2}]}},"level":"info"}
{"message":{"url":"/boards/fdfee25e-d056-4955-8899-be401f8f23ec/tasks","query parameters":{},"body":{"title":"Task #1","order":1,"description":"Lorem ipsum","boardId":"fdfee25e-d056-4955-8899-be401f8f23ec","userId":null,"columnId":null}},"level":"info"}
{"message":{"url":"/boards/fdfee25e-d056-4955-8899-be401f8f23ec/tasks","query parameters":{},"body":{"title":"Task #2","order":2,"description":"Lorem ipsum","boardId":"fdfee25e-d056-4955-8899-be401f8f23ec","userId":null,"columnId":null}},"level":"info"}
{"message":{"url":"/boards/fdfee25e-d056-4955-8899-be401f8f23ec/tasks","query parameters":{},"body":{"title":"Task #3","order":3,"description":"Lorem ipsum","boardId":"fdfee25e-d056-4955-8899-be401f8f23ec","userId":null,"columnId":null}},"level":"info"}
{"message":{"url":"/boards/fdfee25e-d056-4955-8899-be401f8f23ec/tasks","query parameters":{},"body":{"title":"Task #4","order":4,"description":"Lorem ipsum","boardId":"fdfee25e-d056-4955-8899-be401f8f23ec","userId":null,"columnId":null}},"level":"info"}
{"message":{"url":"/boards/fdfee25e-d056-4955-8899-be401f8f23ec/tasks","query parameters":{},"body":{"title":"Task #5","order":5,"description":"Lorem ipsum","boardId":"fdfee25e-d056-4955-8899-be401f8f23ec","userId":null,"columnId":null}},"level":"info"}
{"message":{"url":"/boards/fdfee25e-d056-4955-8899-be401f8f23ec/tasks/856e27e0-d5a2-434e-a896-b3582ef060be","query parameters":{},"body":{}},"level":"info"}
{"message":{"url":"/boards/fdfee25e-d056-4955-8899-be401f8f23ec/tasks/adbb01ac-ffa2-4a77-9fe6-c581918363d9","query parameters":{},"body":{}},"level":"info"}
{"message":{"url":"/boards/fdfee25e-d056-4955-8899-be401f8f23ec/tasks/38f1eb7d-f98c-4b0f-8c88-3c5e829c6cce","query parameters":{},"body":{}},"level":"info"}
{"message":{"url":"/boards/fdfee25e-d056-4955-8899-be401f8f23ec/tasks/1e8e66b1-472c-4dff-a494-51a136137dff","query parameters":{},"body":{}},"level":"info"}
{"message":{"url":"/boards/fdfee25e-d056-4955-8899-be401f8f23ec/tasks/ec11f2be-fb00-4cc9-b839-9f987194b5f9","query parameters":{},"body":{}},"level":"info"}
{"message":{"url":"/boards/fdfee25e-d056-4955-8899-be401f8f23ec","query parameters":{},"body":{}},"level":"info"}
{"message":{"url":"/boards/fdfee25e-d056-4955-8899-be401f8f23ec/tasks/856e27e0-d5a2-434e-a896-b3582ef060be","query parameters":{},"body":{}},"level":"info"}
{"message":{"url":"/boards/fdfee25e-d056-4955-8899-be401f8f23ec/tasks/1e8e66b1-472c-4dff-a494-51a136137dff","query parameters":{},"body":{}},"level":"info"}
{"message":{"url":"/boards/fdfee25e-d056-4955-8899-be401f8f23ec/tasks/adbb01ac-ffa2-4a77-9fe6-c581918363d9","query parameters":{},"body":{}},"level":"info"}
{"message":{"url":"/boards/fdfee25e-d056-4955-8899-be401f8f23ec/tasks/38f1eb7d-f98c-4b0f-8c88-3c5e829c6cce","query parameters":{},"body":{}},"level":"info"}
{"message":{"url":"/boards/fdfee25e-d056-4955-8899-be401f8f23ec/tasks/ec11f2be-fb00-4cc9-b839-9f987194b5f9","query parameters":{},"body":{}},"level":"info"}
{"message":{"url":"/boards/38a925a7-c10c-4d3a-906d-15d91990e341","query parameters":{},"body":{}},"level":"info"}
{"message":{"url":"/boards","query parameters":{},"body":{"title":"Autotest board","columns":[{"title":"Backlog","order":1},{"title":"Sprint","order":2}]}},"level":"info"}
{"message":{"url":"/boards/3c7880da-bc83-4c20-b6b1-d40fcb850493/tasks","query parameters":{},"body":{"title":"Autotest task","order":0,"description":"Lorem ipsum","userId":null,"boardId":null,"columnId":null}},"level":"info"}
{"message":{"url":"/boards/3c7880da-bc83-4c20-b6b1-d40fcb850493/tasks","query parameters":{},"body":{}},"level":"info"}
{"message":{"url":"/boards/3c7880da-bc83-4c20-b6b1-d40fcb850493/tasks","query parameters":{},"body":{}},"level":"info"}
{"message":{"url":"/boards/f1bcbe75-fab4-405b-8578-46d971a7d7cf/tasks/0a97d0e8-635c-463e-b339-4492ebeada8c","query parameters":{},"body":{}},"level":"info"}
{"message":{"url":"/boards/3c7880da-bc83-4c20-b6b1-d40fcb850493/tasks","query parameters":{},"body":{"title":"Autotest task","order":0,"description":"Lorem ipsum","userId":null,"boardId":null,"columnId":null}},"level":"info"}
{"message":{"url":"/boards/3c7880da-bc83-4c20-b6b1-d40fcb850493/tasks/b3399b8a-c5f2-459d-820d-4cf4b2f2855d","query parameters":{},"body":{}},"level":"info"}
{"message":{"url":"/boards/3c7880da-bc83-4c20-b6b1-d40fcb850493/tasks","query parameters":{},"body":{"title":"Autotest task","order":0,"description":"Lorem ipsum","userId":null,"boardId":null,"columnId":null}},"level":"info"}
{"message":{"url":"/boards/3c7880da-bc83-4c20-b6b1-d40fcb850493/tasks/ea15f5ac-6e25-44bc-8a6b-0cc0b5dd372d","query parameters":{},"body":{"id":"ea15f5ac-6e25-44bc-8a6b-0cc0b5dd372d","title":"Autotest updated task","order":0,"description":"Lorem ipsum","userId":null,"boardId":"3c7880da-bc83-4c20-b6b1-d40fcb850493","columnId":null}},"level":"info"}
{"message":{"url":"/boards/3c7880da-bc83-4c20-b6b1-d40fcb850493/tasks/ea15f5ac-6e25-44bc-8a6b-0cc0b5dd372d","query parameters":{},"body":{}},"level":"info"}
{"message":{"url":"/boards/3c7880da-bc83-4c20-b6b1-d40fcb850493/tasks/e3ab5140-78a2-4745-b5bb-dda9c4650931","query parameters":{},"body":{}},"level":"info"}
{"message":{"url":"/boards/3c7880da-bc83-4c20-b6b1-d40fcb850493/tasks/e3ab5140-78a2-4745-b5bb-dda9c4650931","query parameters":{},"body":{}},"level":"info"}
{"message":{"url":"/boards/3c7880da-bc83-4c20-b6b1-d40fcb850493/tasks/e3ab5140-78a2-4745-b5bb-dda9c4650931","query parameters":{},"body":{}},"level":"info"}
{"message":{"url":"/boards/3c7880da-bc83-4c20-b6b1-d40fcb850493","query parameters":{},"body":{}},"level":"info"}
{"message":{"url":"/users","query parameters":{},"body":{"title":"XXX"}},"level":"info"}
{"message":{"url":"/users","query parameters":{},"body":{"name":"TEST_USER","login":"test_user","password":"T35t_P@55w0rd"}},"level":"info"}
{"message":{"url":"/users","query parameters":{},"body":{"name":"TEST_USER","login":"test_user","password":"T35t_P@55w0rd"}},"level":"info"}
{"message":{"url":"/users/2cb41ca4-a568-49b5-9ed4-69c48c1831b0","query parameters":{},"body":{"name":"TEST_USER","login":"test_user","password":"T35t_P@55w0rd"}},"level":"info"}
{"message":{"url":"/users/2cb41ca4-a568-49b5-9ed4-69c48c1831b0frr","query parameters":{},"body":{"name":"TEST_USER","login":"test_user","password":"T35t_P@55w0rd"}},"level":"info"}
{"message":{"url":"/users/2cb41ca4-a568-49b5-9ed4-69c48c1831b0","query parameters":{},"body":{"name":"TEST_USER","login":"test_user","password":"T35t_P@55w0rd"}},"level":"info"}
{"message":{"url":"/users/2cb41ca4-a568-49b5-9ed4-69c48c1831b0g","query parameters":{},"body":{"name":"TEST_USER","login":"test_user","password":"T35t_P@55w0rd"}},"level":"info"}
{"message":{"url":"/users","query parameters":{},"body":{"name":"XXX","login":"xxx","password":"123"}},"level":"info"}
{"message":{"url":"/users","query parameters":{},"body":{}},"level":"info"}
{"message":{"url":"/users","query parameters":{},"body":{"name":"TEST_USER","login":"test_user","password":"T35t_P@55w0rd"}},"level":"info"}
{"message":{"url":"/users/5036589f-1ce9-4eb4-91c8-02a10ee96ef7","query parameters":{},"body":{}},"level":"info"}
{"message":{"url":"/users/5036589f-1ce9-4eb4-91c8-02a10ee96ef7","query parameters":{},"body":{}},"level":"info"}
{"message":{"url":"/users","query parameters":{},"body":{"name":"TEST_USER","login":"test_user","password":"T35t_P@55w0rd"}},"level":"info"}
{"message":{"url":"/users/01861314-4e78-4ee6-89db-9ba0d2d5f10a","query parameters":{},"body":{}},"level":"info"}
{"message":{"url":"/users","query parameters":{},"body":{"name":"TEST_USER","login":"test_user","password":"T35t_P@55w0rd"}},"level":"info"}
{"message":{"url":"/users/ba1299a2-9da0-4da7-9b25-3ac17825c005","query parameters":{},"body":{"name":"Autotest updated TEST_USER","login":"test_user","password":"T35t_P@55w0rd","id":"ba1299a2-9da0-4da7-9b25-3ac17825c005"}},"level":"info"}
{"message":{"url":"/users/ba1299a2-9da0-4da7-9b25-3ac17825c005","query parameters":{},"body":{}},"level":"info"}
{"message":{"url":"/users/ba1299a2-9da0-4da7-9b25-3ac17825c005","query parameters":{},"body":{}},"level":"info"}
{"message":{"url":"/users","query parameters":{},"body":{"name":"TEST_USER","login":"test_user","password":"T35t_P@55w0rd"}},"level":"info"}
{"message":{"url":"/users/c6aa9cd1-8416-4bf9-b63f-53aab293d238","query parameters":{},"body":{}},"level":"info"}
{"message":{"url":"/users","query parameters":{},"body":{"name":"TEST_USER","login":"test_user","password":"T35t_P@55w0rd"}},"level":"info"}
{"message":{"url":"/boards","query parameters":{},"body":{"title":"Autotest board","columns":[{"title":"Backlog","order":1},{"title":"Sprint","order":2}]}},"level":"info"}
{"message":{"url":"/boards/3e98f3fa-279f-47cf-94a8-a27cb86d1582/tasks","query parameters":{},"body":{"title":"Task #1","order":1,"description":"Lorem ipsum","userId":"94cf7b55-a446-4b93-9676-d2671e3a839d","boardId":"3e98f3fa-279f-47cf-94a8-a27cb86d1582"}},"level":"info"}
{"message":{"url":"/boards/3e98f3fa-279f-47cf-94a8-a27cb86d1582/tasks","query parameters":{},"body":{"title":"Task #2","order":2,"description":"Lorem ipsum","userId":"94cf7b55-a446-4b93-9676-d2671e3a839d","boardId":"3e98f3fa-279f-47cf-94a8-a27cb86d1582"}},"level":"info"}
{"message":{"url":"/users/94cf7b55-a446-4b93-9676-d2671e3a839d","query parameters":{},"body":{}},"level":"info"}
{"message":{"url":"/boards/3e98f3fa-279f-47cf-94a8-a27cb86d1582/tasks/7c7cddb7-47c6-4ed5-bc60-7873def13547","query parameters":{},"body":{}},"level":"info"}
{"message":{"url":"/boards/3e98f3fa-279f-47cf-94a8-a27cb86d1582/tasks/25c30a1a-2010-4cea-9c39-c098970edbf6","query parameters":{},"body":{}},"level":"info"}
{"message":{"url":"/boards/3e98f3fa-279f-47cf-94a8-a27cb86d1582/tasks/7c7cddb7-47c6-4ed5-bc60-7873def13547","query parameters":{},"body":{}},"level":"info"}
{"message":{"url":"/boards/3e98f3fa-279f-47cf-94a8-a27cb86d1582/tasks/25c30a1a-2010-4cea-9c39-c098970edbf6","query parameters":{},"body":{}},"level":"info"}
{"message":{"url":"/boards/3e98f3fa-279f-47cf-94a8-a27cb86d1582","query parameters":{},"body":{}},"level":"info"}
{"message":{"url":"/boards","query parameters":{},"body":{"title":"Autotest board","columns":[{"title":"Backlog","order":1},{"title":"Sprint","order":2}]}},"level":"info"}
{"message":{"url":"/boards","query parameters":{},"body":{}},"level":"info"}
{"message":{"url":"/boards","query parameters":{},"body":{}},"level":"info"}
{"message":{"url":"/boards/f1bcbe75-fab4-405b-8578-46d971a7d7cf","query parameters":{},"body":{}},"level":"info"}
{"message":{"url":"/boards","query parameters":{},"body":{"title":"Autotest board","columns":[{"title":"Backlog","order":1},{"title":"Sprint","order":2}]}},"level":"info"}
{"message":{"url":"/boards/e7995f5f-3b81-434d-8442-f86f0b74c7f2","query parameters":{},"body":{}},"level":"info"}
{"message":{"url":"/boards","query parameters":{},"body":{"title":"Autotest board","columns":[{"title":"Backlog","order":1},{"title":"Sprint","order":2}]}},"level":"info"}
{"message":{"url":"/boards/66e8f3e1-cebc-466e-b607-f0dff1b2ad95","query parameters":{},"body":{"id":"66e8f3e1-cebc-466e-b607-f0dff1b2ad95","title":"Autotest updated board","columns":[{"title":"Backlog","order":1},{"title":"Sprint","order":2}]}},"level":"info"}
{"message":{"url":"/boards/66e8f3e1-cebc-466e-b607-f0dff1b2ad95","query parameters":{},"body":{}},"level":"info"}
{"message":{"url":"/boards/66e8f3e1-cebc-466e-b607-f0dff1b2ad95","query parameters":{},"body":{}},"level":"info"}
{"message":{"url":"/boards","query parameters":{},"body":{"title":"Autotest board","columns":[{"title":"Backlog","order":1},{"title":"Sprint","order":2}]}},"level":"info"}
{"message":{"url":"/boards/b85e21fd-6eed-4203-94a5-2c7aee0161c8","query parameters":{},"body":{}},"level":"info"}
{"message":{"url":"/boards/b85e21fd-6eed-4203-94a5-2c7aee0161c8","query parameters":{},"body":{}},"level":"info"}
{"message":{"url":"/boards","query parameters":{},"body":{"title":"Autotest board","columns":[{"title":"Backlog","order":1},{"title":"Sprint","order":2}]}},"level":"info"}
{"message":{"url":"/boards/c4fb5fa0-9977-4828-a477-afb03d9ad4b0/tasks","query parameters":{},"body":{"title":"Task #1","order":1,"description":"Lorem ipsum","boardId":"c4fb5fa0-9977-4828-a477-afb03d9ad4b0","userId":null,"columnId":null}},"level":"info"}
{"message":{"url":"/boards/c4fb5fa0-9977-4828-a477-afb03d9ad4b0/tasks","query parameters":{},"body":{"title":"Task #3","order":3,"description":"Lorem ipsum","boardId":"c4fb5fa0-9977-4828-a477-afb03d9ad4b0","userId":null,"columnId":null}},"level":"info"}
{"message":{"url":"/boards/c4fb5fa0-9977-4828-a477-afb03d9ad4b0/tasks","query parameters":{},"body":{"title":"Task #2","order":2,"description":"Lorem ipsum","boardId":"c4fb5fa0-9977-4828-a477-afb03d9ad4b0","userId":null,"columnId":null}},"level":"info"}
{"message":{"url":"/boards/c4fb5fa0-9977-4828-a477-afb03d9ad4b0/tasks","query parameters":{},"body":{"title":"Task #4","order":4,"description":"Lorem ipsum","boardId":"c4fb5fa0-9977-4828-a477-afb03d9ad4b0","userId":null,"columnId":null}},"level":"info"}
{"message":{"url":"/boards/c4fb5fa0-9977-4828-a477-afb03d9ad4b0/tasks","query parameters":{},"body":{"title":"Task #5","order":5,"description":"Lorem ipsum","boardId":"c4fb5fa0-9977-4828-a477-afb03d9ad4b0","userId":null,"columnId":null}},"level":"info"}
{"message":{"url":"/boards/c4fb5fa0-9977-4828-a477-afb03d9ad4b0/tasks/54799102-4b93-43b3-bc24-484ca6b8352d","query parameters":{},"body":{}},"level":"info"}
{"message":{"url":"/boards/c4fb5fa0-9977-4828-a477-afb03d9ad4b0/tasks/5ec6887f-06ea-42cf-a6a6-5f53a0f3d707","query parameters":{},"body":{}},"level":"info"}
{"message":{"url":"/boards/c4fb5fa0-9977-4828-a477-afb03d9ad4b0/tasks/c99ce5b6-56ae-431a-a656-999133641169","query parameters":{},"body":{}},"level":"info"}
{"message":{"url":"/boards/c4fb5fa0-9977-4828-a477-afb03d9ad4b0/tasks/3aac8155-b681-43b1-8bd6-8fdd8b4b6f62","query parameters":{},"body":{}},"level":"info"}
{"message":{"url":"/boards/c4fb5fa0-9977-4828-a477-afb03d9ad4b0/tasks/527f41ba-972e-471e-8854-9be33457cdf8","query parameters":{},"body":{}},"level":"info"}
{"message":{"url":"/boards/c4fb5fa0-9977-4828-a477-afb03d9ad4b0","query parameters":{},"body":{}},"level":"info"}
{"message":{"url":"/boards/c4fb5fa0-9977-4828-a477-afb03d9ad4b0/tasks/54799102-4b93-43b3-bc24-484ca6b8352d","query parameters":{},"body":{}},"level":"info"}
{"message":{"url":"/boards/c4fb5fa0-9977-4828-a477-afb03d9ad4b0/tasks/5ec6887f-06ea-42cf-a6a6-5f53a0f3d707","query parameters":{},"body":{}},"level":"info"}
{"message":{"url":"/boards/c4fb5fa0-9977-4828-a477-afb03d9ad4b0/tasks/3aac8155-b681-43b1-8bd6-8fdd8b4b6f62","query parameters":{},"body":{}},"level":"info"}
{"message":{"url":"/boards/c4fb5fa0-9977-4828-a477-afb03d9ad4b0/tasks/c99ce5b6-56ae-431a-a656-999133641169","query parameters":{},"body":{}},"level":"info"}
{"message":{"url":"/boards/c4fb5fa0-9977-4828-a477-afb03d9ad4b0/tasks/527f41ba-972e-471e-8854-9be33457cdf8","query parameters":{},"body":{}},"level":"info"}
{"message":{"url":"/boards/0c03ccdf-dbf3-4dca-8a7c-1fccbad9b0b6","query parameters":{},"body":{}},"level":"info"}
{"message":{"url":"/boards","query parameters":{},"body":{"title":"Autotest board","columns":[{"title":"Backlog","order":1},{"title":"Sprint","order":2}]}},"level":"info"}
{"message":{"url":"/boards/c80fa466-d969-48fd-8b01-25753f6ed768/tasks","query parameters":{},"body":{"title":"Autotest task","order":0,"description":"Lorem ipsum","userId":null,"boardId":null,"columnId":null}},"level":"info"}
{"message":{"url":"/boards/c80fa466-d969-48fd-8b01-25753f6ed768/tasks","query parameters":{},"body":{}},"level":"info"}
{"message":{"url":"/boards/c80fa466-d969-48fd-8b01-25753f6ed768/tasks","query parameters":{},"body":{}},"level":"info"}
{"message":{"url":"/boards/f1bcbe75-fab4-405b-8578-46d971a7d7cf/tasks/0a97d0e8-635c-463e-b339-4492ebeada8c","query parameters":{},"body":{}},"level":"info"}
{"message":{"url":"/boards/c80fa466-d969-48fd-8b01-25753f6ed768/tasks","query parameters":{},"body":{"title":"Autotest task","order":0,"description":"Lorem ipsum","userId":null,"boardId":null,"columnId":null}},"level":"info"}
{"message":{"url":"/boards/c80fa466-d969-48fd-8b01-25753f6ed768/tasks/6bf20364-416c-4e32-9fe7-34c3e57caaf5","query parameters":{},"body":{}},"level":"info"}
{"message":{"url":"/boards/c80fa466-d969-48fd-8b01-25753f6ed768/tasks","query parameters":{},"body":{"title":"Autotest task","order":0,"description":"Lorem ipsum","userId":null,"boardId":null,"columnId":null}},"level":"info"}
{"message":{"url":"/boards/c80fa466-d969-48fd-8b01-25753f6ed768/tasks/09eba3a1-31c6-4efe-baf9-449eeee5136b","query parameters":{},"body":{"id":"09eba3a1-31c6-4efe-baf9-449eeee5136b","title":"Autotest updated task","order":0,"description":"Lorem ipsum","userId":null,"boardId":"c80fa466-d969-48fd-8b01-25753f6ed768","columnId":null}},"level":"info"}
{"message":{"url":"/boards/c80fa466-d969-48fd-8b01-25753f6ed768/tasks/09eba3a1-31c6-4efe-baf9-449eeee5136b","query parameters":{},"body":{}},"level":"info"}
{"message":{"url":"/boards/c80fa466-d969-48fd-8b01-25753f6ed768/tasks/6550b94b-55b9-4b85-ac47-8878bc661f8e","query parameters":{},"body":{}},"level":"info"}
{"message":{"url":"/boards/c80fa466-d969-48fd-8b01-25753f6ed768/tasks/6550b94b-55b9-4b85-ac47-8878bc661f8e","query parameters":{},"body":{}},"level":"info"}
{"message":{"url":"/boards/c80fa466-d969-48fd-8b01-25753f6ed768/tasks/6550b94b-55b9-4b85-ac47-8878bc661f8e","query parameters":{},"body":{}},"level":"info"}
{"message":{"url":"/boards/c80fa466-d969-48fd-8b01-25753f6ed768","query parameters":{},"body":{}},"level":"info"}
{"message":{"url":"/users","query parameters":{},"body":{"name":"YYY","login":"yyy","password":"123"}},"level":"info"}
{"message":{"url":"/users","query parameters":{},"body":{"name":"ZZZ","login":"zzz","password":"123"}},"level":"info"}
{"message":{"url":"/users","query parameters":{},"body":{}},"level":"info"}
{"message":{"url":"/users","query parameters":{},"body":{"name":"TEST_USER","login":"test_user","password":"T35t_P@55w0rd"}},"level":"info"}
{"message":{"url":"/users/c34072e0-ddef-443d-9ff5-c8ad5cd9d71a","query parameters":{},"body":{}},"level":"info"}
{"message":{"url":"/users/c34072e0-ddef-443d-9ff5-c8ad5cd9d71a","query parameters":{},"body":{}},"level":"info"}
{"message":{"url":"/users","query parameters":{},"body":{"name":"TEST_USER","login":"test_user","password":"T35t_P@55w0rd"}},"level":"info"}
{"message":{"url":"/users/2a4ef2cd-bfe1-4e16-914c-41a4b89d0ff0","query parameters":{},"body":{}},"level":"info"}
{"message":{"url":"/users","query parameters":{},"body":{"name":"TEST_USER","login":"test_user","password":"T35t_P@55w0rd"}},"level":"info"}
{"message":{"url":"/users/0e44d2e1-9107-489d-9b87-4c486bcc27d7","query parameters":{},"body":{"name":"Autotest updated TEST_USER","login":"test_user","password":"T35t_P@55w0rd","id":"0e44d2e1-9107-489d-9b87-4c486bcc27d7"}},"level":"info"}
{"message":{"url":"/users/0e44d2e1-9107-489d-9b87-4c486bcc27d7","query parameters":{},"body":{}},"level":"info"}
{"message":{"url":"/users/0e44d2e1-9107-489d-9b87-4c486bcc27d7","query parameters":{},"body":{}},"level":"info"}
{"message":{"url":"/users","query parameters":{},"body":{"name":"TEST_USER","login":"test_user","password":"T35t_P@55w0rd"}},"level":"info"}
{"message":{"url":"/users/2c787656-717e-431f-9fc0-a826793edc3c","query parameters":{},"body":{}},"level":"info"}
{"message":{"url":"/users","query parameters":{},"body":{"name":"TEST_USER","login":"test_user","password":"T35t_P@55w0rd"}},"level":"info"}
{"message":{"url":"/boards","query parameters":{},"body":{"title":"Autotest board","columns":[{"title":"Backlog","order":1},{"title":"Sprint","order":2}]}},"level":"info"}
{"message":{"url":"/boards/4004715b-4deb-4c0f-beb3-1d340c02bc74/tasks","query parameters":{},"body":{"title":"Task #1","order":1,"description":"Lorem ipsum","userId":"320e7baf-5a70-4b60-9009-3a72a3462541","boardId":"4004715b-4deb-4c0f-beb3-1d340c02bc74"}},"level":"info"}
{"message":{"url":"/boards/4004715b-4deb-4c0f-beb3-1d340c02bc74/tasks","query parameters":{},"body":{"title":"Task #2","order":2,"description":"Lorem ipsum","userId":"320e7baf-5a70-4b60-9009-3a72a3462541","boardId":"4004715b-4deb-4c0f-beb3-1d340c02bc74"}},"level":"info"}
{"message":{"url":"/users/320e7baf-5a70-4b60-9009-3a72a3462541","query parameters":{},"body":{}},"level":"info"}
{"message":{"url":"/boards/4004715b-4deb-4c0f-beb3-1d340c02bc74/tasks/97f0ab98-e430-4896-92a9-1a4bb75067cc","query parameters":{},"body":{}},"level":"info"}
{"message":{"url":"/boards/4004715b-4deb-4c0f-beb3-1d340c02bc74/tasks/ad614357-8942-447d-8919-dea69b9222ff","query parameters":{},"body":{}},"level":"info"}
{"message":{"url":"/boards/4004715b-4deb-4c0f-beb3-1d340c02bc74/tasks/97f0ab98-e430-4896-92a9-1a4bb75067cc","query parameters":{},"body":{}},"level":"info"}
{"message":{"url":"/boards/4004715b-4deb-4c0f-beb3-1d340c02bc74/tasks/ad614357-8942-447d-8919-dea69b9222ff","query parameters":{},"body":{}},"level":"info"}
{"message":{"url":"/boards/4004715b-4deb-4c0f-beb3-1d340c02bc74","query parameters":{},"body":{}},"level":"info"}
{"message":{"url":"/boards","query parameters":{},"body":{"title":"Autotest board","columns":[{"title":"Backlog","order":1},{"title":"Sprint","order":2}]}},"level":"info"}
{"message":{"url":"/boards","query parameters":{},"body":{}},"level":"info"}
{"message":{"url":"/boards","query parameters":{},"body":{}},"level":"info"}
{"message":{"url":"/boards/f1bcbe75-fab4-405b-8578-46d971a7d7cf","query parameters":{},"body":{}},"level":"info"}
{"message":{"url":"/boards","query parameters":{},"body":{"title":"Autotest board","columns":[{"title":"Backlog","order":1},{"title":"Sprint","order":2}]}},"level":"info"}
{"message":{"url":"/boards/b834140c-02a9-4189-aa74-ffda88f189ab","query parameters":{},"body":{}},"level":"info"}
{"message":{"url":"/boards","query parameters":{},"body":{"title":"Autotest board","columns":[{"title":"Backlog","order":1},{"title":"Sprint","order":2}]}},"level":"info"}
{"message":{"url":"/boards/b04ddb47-b5ba-4ed2-8177-7054f3448e1c","query parameters":{},"body":{"id":"b04ddb47-b5ba-4ed2-8177-7054f3448e1c","title":"Autotest updated board","columns":[{"title":"Backlog","order":1},{"title":"Sprint","order":2}]}},"level":"info"}
{"message":{"url":"/boards/b04ddb47-b5ba-4ed2-8177-7054f3448e1c","query parameters":{},"body":{}},"level":"info"}
{"message":{"url":"/boards/b04ddb47-b5ba-4ed2-8177-7054f3448e1c","query parameters":{},"body":{}},"level":"info"}
{"message":{"url":"/boards","query parameters":{},"body":{"title":"Autotest board","columns":[{"title":"Backlog","order":1},{"title":"Sprint","order":2}]}},"level":"info"}
{"message":{"url":"/boards/50e549a8-f1c9-41f2-94be-4acc93214000","query parameters":{},"body":{}},"level":"info"}
{"message":{"url":"/boards/50e549a8-f1c9-41f2-94be-4acc93214000","query parameters":{},"body":{}},"level":"info"}
{"message":{"url":"/boards","query parameters":{},"body":{"title":"Autotest board","columns":[{"title":"Backlog","order":1},{"title":"Sprint","order":2}]}},"level":"info"}
{"message":{"url":"/boards/ac342852-064a-4ded-b99d-b6e32c888a7c/tasks","query parameters":{},"body":{"title":"Task #1","order":1,"description":"Lorem ipsum","boardId":"ac342852-064a-4ded-b99d-b6e32c888a7c","userId":null,"columnId":null}},"level":"info"}
{"message":{"url":"/boards/ac342852-064a-4ded-b99d-b6e32c888a7c/tasks","query parameters":{},"body":{"title":"Task #2","order":2,"description":"Lorem ipsum","boardId":"ac342852-064a-4ded-b99d-b6e32c888a7c","userId":null,"columnId":null}},"level":"info"}
{"message":{"url":"/boards/ac342852-064a-4ded-b99d-b6e32c888a7c/tasks","query parameters":{},"body":{"title":"Task #3","order":3,"description":"Lorem ipsum","boardId":"ac342852-064a-4ded-b99d-b6e32c888a7c","userId":null,"columnId":null}},"level":"info"}
{"message":{"url":"/boards/ac342852-064a-4ded-b99d-b6e32c888a7c/tasks","query parameters":{},"body":{"title":"Task #5","order":5,"description":"Lorem ipsum","boardId":"ac342852-064a-4ded-b99d-b6e32c888a7c","userId":null,"columnId":null}},"level":"info"}
{"message":{"url":"/boards/ac342852-064a-4ded-b99d-b6e32c888a7c/tasks","query parameters":{},"body":{"title":"Task #4","order":4,"description":"Lorem ipsum","boardId":"ac342852-064a-4ded-b99d-b6e32c888a7c","userId":null,"columnId":null}},"level":"info"}
{"message":{"url":"/boards/ac342852-064a-4ded-b99d-b6e32c888a7c/tasks/539251bd-b016-4363-9017-7297ffcb0a4d","query parameters":{},"body":{}},"level":"info"}
{"message":{"url":"/boards/ac342852-064a-4ded-b99d-b6e32c888a7c/tasks/d530dea5-9dba-403c-92fb-1c4031b7873d","query parameters":{},"body":{}},"level":"info"}
{"message":{"url":"/boards/ac342852-064a-4ded-b99d-b6e32c888a7c/tasks/74953868-d063-4412-9cc0-665a3ce1627c","query parameters":{},"body":{}},"level":"info"}
{"message":{"url":"/boards/ac342852-064a-4ded-b99d-b6e32c888a7c/tasks/6bfda2a5-b76d-4814-a208-97582033bc3a","query parameters":{},"body":{}},"level":"info"}
{"message":{"url":"/boards/ac342852-064a-4ded-b99d-b6e32c888a7c/tasks/2e792ea7-67bb-4940-918c-e758a1fdb035","query parameters":{},"body":{}},"level":"info"}
{"message":{"url":"/boards/ac342852-064a-4ded-b99d-b6e32c888a7c","query parameters":{},"body":{}},"level":"info"}
{"message":{"url":"/boards/ac342852-064a-4ded-b99d-b6e32c888a7c/tasks/539251bd-b016-4363-9017-7297ffcb0a4d","query parameters":{},"body":{}},"level":"info"}
{"message":{"url":"/boards/ac342852-064a-4ded-b99d-b6e32c888a7c/tasks/d530dea5-9dba-403c-92fb-1c4031b7873d","query parameters":{},"body":{}},"level":"info"}
{"message":{"url":"/boards/ac342852-064a-4ded-b99d-b6e32c888a7c/tasks/6bfda2a5-b76d-4814-a208-97582033bc3a","query parameters":{},"body":{}},"level":"info"}
{"message":{"url":"/boards/ac342852-064a-4ded-b99d-b6e32c888a7c/tasks/74953868-d063-4412-9cc0-665a3ce1627c","query parameters":{},"body":{}},"level":"info"}
{"message":{"url":"/boards/ac342852-064a-4ded-b99d-b6e32c888a7c/tasks/2e792ea7-67bb-4940-918c-e758a1fdb035","query parameters":{},"body":{}},"level":"info"}
{"message":{"url":"/boards/0f61f5f3-4dce-4819-8ba7-babdfdd68111","query parameters":{},"body":{}},"level":"info"}
{"message":{"url":"/boards","query parameters":{},"body":{"title":"Autotest board","columns":[{"title":"Backlog","order":1},{"title":"Sprint","order":2}]}},"level":"info"}
{"message":{"url":"/boards/ef675388-8f4e-4bd5-a5d9-2e69e64f43d8/tasks","query parameters":{},"body":{"title":"Autotest task","order":0,"description":"Lorem ipsum","userId":null,"boardId":null,"columnId":null}},"level":"info"}
{"message":{"url":"/boards/ef675388-8f4e-4bd5-a5d9-2e69e64f43d8/tasks","query parameters":{},"body":{}},"level":"info"}
{"message":{"url":"/boards/ef675388-8f4e-4bd5-a5d9-2e69e64f43d8/tasks","query parameters":{},"body":{}},"level":"info"}
{"message":{"url":"/boards/f1bcbe75-fab4-405b-8578-46d971a7d7cf/tasks/0a97d0e8-635c-463e-b339-4492ebeada8c","query parameters":{},"body":{}},"level":"info"}
{"message":{"url":"/boards/ef675388-8f4e-4bd5-a5d9-2e69e64f43d8/tasks","query parameters":{},"body":{"title":"Autotest task","order":0,"description":"Lorem ipsum","userId":null,"boardId":null,"columnId":null}},"level":"info"}
{"message":{"url":"/boards/ef675388-8f4e-4bd5-a5d9-2e69e64f43d8/tasks/e578ef10-f62f-4791-a26a-443bfbfd7e52","query parameters":{},"body":{}},"level":"info"}
{"message":{"url":"/boards/ef675388-8f4e-4bd5-a5d9-2e69e64f43d8/tasks","query parameters":{},"body":{"title":"Autotest task","order":0,"description":"Lorem ipsum","userId":null,"boardId":null,"columnId":null}},"level":"info"}
{"message":{"url":"/boards/ef675388-8f4e-4bd5-a5d9-2e69e64f43d8/tasks/ea178cff-0672-46f5-8d8f-4bb83dd0eb18","query parameters":{},"body":{"id":"ea178cff-0672-46f5-8d8f-4bb83dd0eb18","title":"Autotest updated task","order":0,"description":"Lorem ipsum","userId":null,"boardId":"ef675388-8f4e-4bd5-a5d9-2e69e64f43d8","columnId":null}},"level":"info"}
{"message":{"url":"/boards/ef675388-8f4e-4bd5-a5d9-2e69e64f43d8/tasks/ea178cff-0672-46f5-8d8f-4bb83dd0eb18","query parameters":{},"body":{}},"level":"info"}
{"message":{"url":"/boards/ef675388-8f4e-4bd5-a5d9-2e69e64f43d8/tasks/520c21ce-f90e-4dec-b151-39b2e8af3872","query parameters":{},"body":{}},"level":"info"}
{"message":{"url":"/boards/ef675388-8f4e-4bd5-a5d9-2e69e64f43d8/tasks/520c21ce-f90e-4dec-b151-39b2e8af3872","query parameters":{},"body":{}},"level":"info"}
{"message":{"url":"/boards/ef675388-8f4e-4bd5-a5d9-2e69e64f43d8/tasks/520c21ce-f90e-4dec-b151-39b2e8af3872","query parameters":{},"body":{}},"level":"info"}
{"message":{"url":"/boards/ef675388-8f4e-4bd5-a5d9-2e69e64f43d8","query parameters":{},"body":{}},"level":"info"}
{"message":{"url":"/users","query parameters":{},"body":{}},"level":"info"}
{"message":{"url":"/users","query parameters":{},"body":{"name":"TEST_USER","login":"test_user","password":"T35t_P@55w0rd"}},"level":"info"}
{"message":{"url":"/users/752139e7-e1d3-40c2-a370-c071eb0c5114","query parameters":{},"body":{}},"level":"info"}
{"message":{"url":"/users/752139e7-e1d3-40c2-a370-c071eb0c5114","query parameters":{},"body":{}},"level":"info"}
{"message":{"url":"/users","query parameters":{},"body":{"name":"TEST_USER","login":"test_user","password":"T35t_P@55w0rd"}},"level":"info"}
{"message":{"url":"/users/a945883a-035f-4367-959c-469015dc00f2","query parameters":{},"body":{}},"level":"info"}
{"message":{"url":"/users","query parameters":{},"body":{"name":"TEST_USER","login":"test_user","password":"T35t_P@55w0rd"}},"level":"info"}
{"message":{"url":"/users/b8210d7e-a2a2-48a2-a112-3421ba57ddd2","query parameters":{},"body":{"name":"Autotest updated TEST_USER","login":"test_user","password":"T35t_P@55w0rd","id":"b8210d7e-a2a2-48a2-a112-3421ba57ddd2"}},"level":"info"}
{"message":{"url":"/users/b8210d7e-a2a2-48a2-a112-3421ba57ddd2","query parameters":{},"body":{}},"level":"info"}
{"message":{"url":"/users/b8210d7e-a2a2-48a2-a112-3421ba57ddd2","query parameters":{},"body":{}},"level":"info"}
{"message":{"url":"/users","query parameters":{},"body":{"name":"TEST_USER","login":"test_user","password":"T35t_P@55w0rd"}},"level":"info"}
{"message":{"url":"/users/43c8cdde-da28-4867-8a35-7313b5e0812f","query parameters":{},"body":{}},"level":"info"}
{"message":{"url":"/users","query parameters":{},"body":{"name":"TEST_USER","login":"test_user","password":"T35t_P@55w0rd"}},"level":"info"}
{"message":{"url":"/boards","query parameters":{},"body":{"title":"Autotest board","columns":[{"title":"Backlog","order":1},{"title":"Sprint","order":2}]}},"level":"info"}
{"message":{"url":"/boards/f51c09b2-fa92-4255-a869-fef8c81994c6/tasks","query parameters":{},"body":{"title":"Task #1","order":1,"description":"Lorem ipsum","userId":"f77e7d3f-0fba-4390-88d3-c6d38f2cd4a0","boardId":"f51c09b2-fa92-4255-a869-fef8c81994c6"}},"level":"info"}
{"message":{"url":"/boards/f51c09b2-fa92-4255-a869-fef8c81994c6/tasks","query parameters":{},"body":{"title":"Task #2","order":2,"description":"Lorem ipsum","userId":"f77e7d3f-0fba-4390-88d3-c6d38f2cd4a0","boardId":"f51c09b2-fa92-4255-a869-fef8c81994c6"}},"level":"info"}
{"message":{"url":"/users/f77e7d3f-0fba-4390-88d3-c6d38f2cd4a0","query parameters":{},"body":{}},"level":"info"}
{"message":{"url":"/boards/f51c09b2-fa92-4255-a869-fef8c81994c6/tasks/ca7fe39b-06c3-4841-9daf-05cb20fc7fa3","query parameters":{},"body":{}},"level":"info"}
{"message":{"url":"/boards/f51c09b2-fa92-4255-a869-fef8c81994c6/tasks/e0e4b0ff-e314-4996-a40d-e607e723a789","query parameters":{},"body":{}},"level":"info"}
{"message":{"url":"/boards/f51c09b2-fa92-4255-a869-fef8c81994c6/tasks/ca7fe39b-06c3-4841-9daf-05cb20fc7fa3","query parameters":{},"body":{}},"level":"info"}
{"message":{"url":"/boards/f51c09b2-fa92-4255-a869-fef8c81994c6/tasks/e0e4b0ff-e314-4996-a40d-e607e723a789","query parameters":{},"body":{}},"level":"info"}
{"message":{"url":"/boards/f51c09b2-fa92-4255-a869-fef8c81994c6","query parameters":{},"body":{}},"level":"info"}
{"message":{"url":"/boards","query parameters":{},"body":{"title":"Autotest board","columns":[{"title":"Backlog","order":1},{"title":"Sprint","order":2}]}},"level":"info"}
{"message":{"url":"/boards","query parameters":{},"body":{}},"level":"info"}
{"message":{"url":"/boards","query parameters":{},"body":{}},"level":"info"}
{"message":{"url":"/boards/5a664785-ba7c-40c4-917b-9e13dc11e1fe","query parameters":{},"body":{}},"level":"info"}
{"message":{"url":"/boards","query parameters":{},"body":{"title":"Autotest board","columns":[{"title":"Backlog","order":1},{"title":"Sprint","order":2}]}},"level":"info"}
{"message":{"url":"/boards/ffb2974c-1688-465a-8d54-20bfd8609bd6","query parameters":{},"body":{}},"level":"info"}
{"message":{"url":"/boards","query parameters":{},"body":{"title":"Autotest board","columns":[{"title":"Backlog","order":1},{"title":"Sprint","order":2}]}},"level":"info"}
{"message":{"url":"/boards/485c7098-c402-49d1-80be-353134cd7cc2","query parameters":{},"body":{"id":"485c7098-c402-49d1-80be-353134cd7cc2","title":"Autotest updated board","columns":[{"title":"Backlog","order":1},{"title":"Sprint","order":2}]}},"level":"info"}
{"message":{"url":"/boards/485c7098-c402-49d1-80be-353134cd7cc2","query parameters":{},"body":{}},"level":"info"}
{"message":{"url":"/boards/485c7098-c402-49d1-80be-353134cd7cc2","query parameters":{},"body":{}},"level":"info"}
{"message":{"url":"/boards","query parameters":{},"body":{"title":"Autotest board","columns":[{"title":"Backlog","order":1},{"title":"Sprint","order":2}]}},"level":"info"}
{"message":{"url":"/boards/8fc902fa-cae6-4471-b95e-9995f582bfdb","query parameters":{},"body":{}},"level":"info"}
{"message":{"url":"/boards/8fc902fa-cae6-4471-b95e-9995f582bfdb","query parameters":{},"body":{}},"level":"info"}
{"message":{"url":"/boards","query parameters":{},"body":{"title":"Autotest board","columns":[{"title":"Backlog","order":1},{"title":"Sprint","order":2}]}},"level":"info"}
{"message":{"url":"/boards/fb23ee82-d578-4e39-a158-e02733773bcb/tasks","query parameters":{},"body":{"title":"Task #2","order":2,"description":"Lorem ipsum","boardId":"fb23ee82-d578-4e39-a158-e02733773bcb","userId":null,"columnId":null}},"level":"info"}
{"message":{"url":"/boards/fb23ee82-d578-4e39-a158-e02733773bcb/tasks","query parameters":{},"body":{"title":"Task #3","order":3,"description":"Lorem ipsum","boardId":"fb23ee82-d578-4e39-a158-e02733773bcb","userId":null,"columnId":null}},"level":"info"}
{"message":{"url":"/boards/fb23ee82-d578-4e39-a158-e02733773bcb/tasks","query parameters":{},"body":{"title":"Task #4","order":4,"description":"Lorem ipsum","boardId":"fb23ee82-d578-4e39-a158-e02733773bcb","userId":null,"columnId":null}},"level":"info"}
{"message":{"url":"/boards/fb23ee82-d578-4e39-a158-e02733773bcb/tasks","query parameters":{},"body":{"title":"Task #1","order":1,"description":"Lorem ipsum","boardId":"fb23ee82-d578-4e39-a158-e02733773bcb","userId":null,"columnId":null}},"level":"info"}
{"message":{"url":"/boards/fb23ee82-d578-4e39-a158-e02733773bcb/tasks","query parameters":{},"body":{"title":"Task #5","order":5,"description":"Lorem ipsum","boardId":"fb23ee82-d578-4e39-a158-e02733773bcb","userId":null,"columnId":null}},"level":"info"}
{"message":{"url":"/boards/fb23ee82-d578-4e39-a158-e02733773bcb/tasks/a2041aa6-e98a-4376-a645-76580d528447","query parameters":{},"body":{}},"level":"info"}
{"message":{"url":"/boards/fb23ee82-d578-4e39-a158-e02733773bcb/tasks/f9f84c04-9f7c-4859-bfbb-e69aa90ca449","query parameters":{},"body":{}},"level":"info"}
{"message":{"url":"/boards/fb23ee82-d578-4e39-a158-e02733773bcb/tasks/0bded4da-cba3-43c3-a042-2e4f8479b4fe","query parameters":{},"body":{}},"level":"info"}
{"message":{"url":"/boards/fb23ee82-d578-4e39-a158-e02733773bcb/tasks/380f5a7d-17a0-4f98-b603-16b6d9fbaf4d","query parameters":{},"body":{}},"level":"info"}
{"message":{"url":"/boards/fb23ee82-d578-4e39-a158-e02733773bcb/tasks/5b85620d-5828-4594-87eb-0902657ca291","query parameters":{},"body":{}},"level":"info"}
{"message":{"url":"/boards/fb23ee82-d578-4e39-a158-e02733773bcb","query parameters":{},"body":{}},"level":"info"}
{"message":{"url":"/boards/fb23ee82-d578-4e39-a158-e02733773bcb/tasks/f9f84c04-9f7c-4859-bfbb-e69aa90ca449","query parameters":{},"body":{}},"level":"info"}
{"message":{"url":"/boards/fb23ee82-d578-4e39-a158-e02733773bcb/tasks/380f5a7d-17a0-4f98-b603-16b6d9fbaf4d","query parameters":{},"body":{}},"level":"info"}
{"message":{"url":"/boards/fb23ee82-d578-4e39-a158-e02733773bcb/tasks/0bded4da-cba3-43c3-a042-2e4f8479b4fe","query parameters":{},"body":{}},"level":"info"}
{"message":{"url":"/boards/fb23ee82-d578-4e39-a158-e02733773bcb/tasks/5b85620d-5828-4594-87eb-0902657ca291","query parameters":{},"body":{}},"level":"info"}
{"message":{"url":"/boards/fb23ee82-d578-4e39-a158-e02733773bcb/tasks/a2041aa6-e98a-4376-a645-76580d528447","query parameters":{},"body":{}},"level":"info"}
{"message":{"url":"/boards/5a664785-ba7c-40c4-917b-9e13dc11e1fe","query parameters":{},"body":{}},"level":"info"}
{"message":{"url":"/boards","query parameters":{},"body":{"title":"Autotest board","columns":[{"title":"Backlog","order":1},{"title":"Sprint","order":2}]}},"level":"info"}
{"message":{"url":"/boards/3ac02f89-f0be-488e-b244-4e0c03cc66ad/tasks","query parameters":{},"body":{"title":"Autotest task","order":0,"description":"Lorem ipsum","userId":null,"boardId":null,"columnId":null}},"level":"info"}
{"message":{"url":"/boards/3ac02f89-f0be-488e-b244-4e0c03cc66ad/tasks","query parameters":{},"body":{}},"level":"info"}
{"message":{"url":"/boards/3ac02f89-f0be-488e-b244-4e0c03cc66ad/tasks","query parameters":{},"body":{}},"level":"info"}
{"message":{"url":"/boards/3ac02f89-f0be-488e-b244-4e0c03cc66ad/tasks/f5e093ca-25f1-420a-97dd-167e747e98ad","query parameters":{},"body":{}},"level":"info"}
{"message":{"url":"/boards/3ac02f89-f0be-488e-b244-4e0c03cc66ad/tasks","query parameters":{},"body":{"title":"Autotest task","order":0,"description":"Lorem ipsum","userId":null,"boardId":null,"columnId":null}},"level":"info"}
{"message":{"url":"/boards/3ac02f89-f0be-488e-b244-4e0c03cc66ad/tasks/d80b6eb3-501f-4a56-b023-7d5d43bb4e59","query parameters":{},"body":{}},"level":"info"}
{"message":{"url":"/boards/3ac02f89-f0be-488e-b244-4e0c03cc66ad/tasks","query parameters":{},"body":{"title":"Autotest task","order":0,"description":"Lorem ipsum","userId":null,"boardId":null,"columnId":null}},"level":"info"}
{"message":{"url":"/boards/3ac02f89-f0be-488e-b244-4e0c03cc66ad/tasks/bd851e1f-356b-479c-a5cc-52a860648a2a","query parameters":{},"body":{"id":"bd851e1f-356b-479c-a5cc-52a860648a2a","title":"Autotest updated task","order":0,"description":"Lorem ipsum","userId":null,"boardId":"3ac02f89-f0be-488e-b244-4e0c03cc66ad","columnId":null}},"level":"info"}
{"message":{"url":"/boards/3ac02f89-f0be-488e-b244-4e0c03cc66ad/tasks/bd851e1f-356b-479c-a5cc-52a860648a2a","query parameters":{},"body":{}},"level":"info"}
{"message":{"url":"/boards/3ac02f89-f0be-488e-b244-4e0c03cc66ad/tasks/f5e093ca-25f1-420a-97dd-167e747e98ad","query parameters":{},"body":{}},"level":"info"}
{"message":{"url":"/boards/3ac02f89-f0be-488e-b244-4e0c03cc66ad/tasks/f5e093ca-25f1-420a-97dd-167e747e98ad","query parameters":{},"body":{}},"level":"info"}
{"message":{"url":"/boards/3ac02f89-f0be-488e-b244-4e0c03cc66ad/tasks/f5e093ca-25f1-420a-97dd-167e747e98ad","query parameters":{},"body":{}},"level":"info"}
{"message":{"url":"/boards/3ac02f89-f0be-488e-b244-4e0c03cc66ad","query parameters":{},"body":{}},"level":"info"}
{"message":{"url":"/users","query parameters":{},"body":{"name":"ZZZ","login":"zzz","password":"123"}},"level":"info"}
{"message":{"url":"/users","query parameters":{},"body":{"name":"ZZZ","login":"zzz","password":"123"}},"level":"info"}
{"message":{"url":"/users","query parameters":{},"body":{}},"level":"info"}
{"message":{"url":"/users","query parameters":{},"body":{"name":"TEST_USER","login":"test_user","password":"T35t_P@55w0rd"}},"level":"info"}
{"message":{"url":"/users/4f7fb3e9-3f7a-4d0c-9cea-9b7064e4b8e7","query parameters":{},"body":{}},"level":"info"}
{"message":{"url":"/users/4f7fb3e9-3f7a-4d0c-9cea-9b7064e4b8e7","query parameters":{},"body":{}},"level":"info"}
{"message":{"url":"/users","query parameters":{},"body":{"name":"TEST_USER","login":"test_user","password":"T35t_P@55w0rd"}},"level":"info"}
{"message":{"url":"/users/968b52e4-bde0-4cb6-8aa5-5381e3b8fe6c","query parameters":{},"body":{}},"level":"info"}
{"message":{"url":"/users","query parameters":{},"body":{"name":"TEST_USER","login":"test_user","password":"T35t_P@55w0rd"}},"level":"info"}
{"message":{"url":"/users/cdec7358-39cd-47c4-8a79-7b82d0594162","query parameters":{},"body":{"name":"Autotest updated TEST_USER","login":"test_user","password":"T35t_P@55w0rd","id":"cdec7358-39cd-47c4-8a79-7b82d0594162"}},"level":"info"}
{"message":{"url":"/users/cdec7358-39cd-47c4-8a79-7b82d0594162","query parameters":{},"body":{}},"level":"info"}
{"message":{"url":"/users/cdec7358-39cd-47c4-8a79-7b82d0594162","query parameters":{},"body":{}},"level":"info"}
{"message":{"url":"/users","query parameters":{},"body":{"name":"TEST_USER","login":"test_user","password":"T35t_P@55w0rd"}},"level":"info"}
{"message":{"url":"/users/d0f838e1-666a-4f79-8ea8-3918ce746c9c","query parameters":{},"body":{}},"level":"info"}
{"message":{"url":"/users","query parameters":{},"body":{"name":"TEST_USER","login":"test_user","password":"T35t_P@55w0rd"}},"level":"info"}
{"message":{"url":"/boards","query parameters":{},"body":{"title":"Autotest board","columns":[{"title":"Backlog","order":1},{"title":"Sprint","order":2}]}},"level":"info"}
{"message":{"url":"/boards/8326ff81-1083-406c-ad31-79309ad1cb89/tasks","query parameters":{},"body":{"title":"Task #1","order":1,"description":"Lorem ipsum","userId":"e415237e-587c-4817-b036-7d07698739d3","boardId":"8326ff81-1083-406c-ad31-79309ad1cb89"}},"level":"info"}
{"message":{"url":"/boards/8326ff81-1083-406c-ad31-79309ad1cb89/tasks","query parameters":{},"body":{"title":"Task #2","order":2,"description":"Lorem ipsum","userId":"e415237e-587c-4817-b036-7d07698739d3","boardId":"8326ff81-1083-406c-ad31-79309ad1cb89"}},"level":"info"}
{"message":{"url":"/users/e415237e-587c-4817-b036-7d07698739d3","query parameters":{},"body":{}},"level":"info"}
{"message":{"url":"/boards/8326ff81-1083-406c-ad31-79309ad1cb89/tasks/f6180030-f582-4ee0-b826-654059161c98","query parameters":{},"body":{}},"level":"info"}
{"message":{"url":"/boards/8326ff81-1083-406c-ad31-79309ad1cb89/tasks/58493773-e203-48ca-82f5-6639eed03a3f","query parameters":{},"body":{}},"level":"info"}
{"message":{"url":"/boards/8326ff81-1083-406c-ad31-79309ad1cb89/tasks/f6180030-f582-4ee0-b826-654059161c98","query parameters":{},"body":{}},"level":"info"}
{"message":{"url":"/boards/8326ff81-1083-406c-ad31-79309ad1cb89/tasks/58493773-e203-48ca-82f5-6639eed03a3f","query parameters":{},"body":{}},"level":"info"}
{"message":{"url":"/boards/8326ff81-1083-406c-ad31-79309ad1cb89","query parameters":{},"body":{}},"level":"info"}
{"message":{"url":"/boards","query parameters":{},"body":{"title":"Autotest board","columns":[{"title":"Backlog","order":1},{"title":"Sprint","order":2}]}},"level":"info"}
{"message":{"url":"/boards","query parameters":{},"body":{}},"level":"info"}
{"message":{"url":"/boards","query parameters":{},"body":{}},"level":"info"}
{"message":{"url":"/boards/317a975d-ad4b-4793-aa87-07c71ca65fc1","query parameters":{},"body":{}},"level":"info"}
{"message":{"url":"/boards","query parameters":{},"body":{"title":"Autotest board","columns":[{"title":"Backlog","order":1},{"title":"Sprint","order":2}]}},"level":"info"}
{"message":{"url":"/boards/a0df5c18-be10-4042-84ab-c612d2fffc55","query parameters":{},"body":{}},"level":"info"}
{"message":{"url":"/boards","query parameters":{},"body":{"title":"Autotest board","columns":[{"title":"Backlog","order":1},{"title":"Sprint","order":2}]}},"level":"info"}
{"message":{"url":"/boards/0c52ac5e-d1b6-4daf-86d3-49a247d75a40","query parameters":{},"body":{"id":"0c52ac5e-d1b6-4daf-86d3-49a247d75a40","title":"Autotest updated board","columns":[{"title":"Backlog","order":1},{"title":"Sprint","order":2}]}},"level":"info"}
{"message":{"url":"/boards/0c52ac5e-d1b6-4daf-86d3-49a247d75a40","query parameters":{},"body":{}},"level":"info"}
{"message":{"url":"/boards/0c52ac5e-d1b6-4daf-86d3-49a247d75a40","query parameters":{},"body":{}},"level":"info"}
{"message":{"url":"/boards","query parameters":{},"body":{"title":"Autotest board","columns":[{"title":"Backlog","order":1},{"title":"Sprint","order":2}]}},"level":"info"}
{"message":{"url":"/boards/ab105e9b-ffd8-4e48-8667-0149416d9a6e","query parameters":{},"body":{}},"level":"info"}
{"message":{"url":"/boards/ab105e9b-ffd8-4e48-8667-0149416d9a6e","query parameters":{},"body":{}},"level":"info"}
{"message":{"url":"/boards","query parameters":{},"body":{"title":"Autotest board","columns":[{"title":"Backlog","order":1},{"title":"Sprint","order":2}]}},"level":"info"}
{"message":{"url":"/boards/541a2a8c-58ed-448e-b974-ed05ee8e4e57/tasks","query parameters":{},"body":{"title":"Task #1","order":1,"description":"Lorem ipsum","boardId":"541a2a8c-58ed-448e-b974-ed05ee8e4e57","userId":null,"columnId":null}},"level":"info"}
{"message":{"url":"/boards/541a2a8c-58ed-448e-b974-ed05ee8e4e57/tasks","query parameters":{},"body":{"title":"Task #2","order":2,"description":"Lorem ipsum","boardId":"541a2a8c-58ed-448e-b974-ed05ee8e4e57","userId":null,"columnId":null}},"level":"info"}
{"message":{"url":"/boards/541a2a8c-58ed-448e-b974-ed05ee8e4e57/tasks","query parameters":{},"body":{"title":"Task #4","order":4,"description":"Lorem ipsum","boardId":"541a2a8c-58ed-448e-b974-ed05ee8e4e57","userId":null,"columnId":null}},"level":"info"}
{"message":{"url":"/boards/541a2a8c-58ed-448e-b974-ed05ee8e4e57/tasks","query parameters":{},"body":{"title":"Task #3","order":3,"description":"Lorem ipsum","boardId":"541a2a8c-58ed-448e-b974-ed05ee8e4e57","userId":null,"columnId":null}},"level":"info"}
{"message":{"url":"/boards/541a2a8c-58ed-448e-b974-ed05ee8e4e57/tasks","query parameters":{},"body":{"title":"Task #5","order":5,"description":"Lorem ipsum","boardId":"541a2a8c-58ed-448e-b974-ed05ee8e4e57","userId":null,"columnId":null}},"level":"info"}
{"message":{"url":"/boards/541a2a8c-58ed-448e-b974-ed05ee8e4e57/tasks/f9418ee5-5abd-4a50-a295-50a3fa48eb2c","query parameters":{},"body":{}},"level":"info"}
{"message":{"url":"/boards/541a2a8c-58ed-448e-b974-ed05ee8e4e57/tasks/afd2c95b-129e-49cd-9063-5e902c350d79","query parameters":{},"body":{}},"level":"info"}
{"message":{"url":"/boards/541a2a8c-58ed-448e-b974-ed05ee8e4e57/tasks/d65f5429-f2e1-4e4c-9fa8-a37f2690cafb","query parameters":{},"body":{}},"level":"info"}
{"message":{"url":"/boards/541a2a8c-58ed-448e-b974-ed05ee8e4e57/tasks/a0b50b38-a803-4628-a0f9-422402c215ea","query parameters":{},"body":{}},"level":"info"}
{"message":{"url":"/boards/541a2a8c-58ed-448e-b974-ed05ee8e4e57/tasks/8477b6f4-0ab4-4dbd-9c27-0d6243e09a3c","query parameters":{},"body":{}},"level":"info"}
{"message":{"url":"/boards/541a2a8c-58ed-448e-b974-ed05ee8e4e57","query parameters":{},"body":{}},"level":"info"}
{"message":{"url":"/boards/541a2a8c-58ed-448e-b974-ed05ee8e4e57/tasks/f9418ee5-5abd-4a50-a295-50a3fa48eb2c","query parameters":{},"body":{}},"level":"info"}
{"message":{"url":"/boards/541a2a8c-58ed-448e-b974-ed05ee8e4e57/tasks/afd2c95b-129e-49cd-9063-5e902c350d79","query parameters":{},"body":{}},"level":"info"}
{"message":{"url":"/boards/541a2a8c-58ed-448e-b974-ed05ee8e4e57/tasks/8477b6f4-0ab4-4dbd-9c27-0d6243e09a3c","query parameters":{},"body":{}},"level":"info"}
{"message":{"url":"/boards/541a2a8c-58ed-448e-b974-ed05ee8e4e57/tasks/d65f5429-f2e1-4e4c-9fa8-a37f2690cafb","query parameters":{},"body":{}},"level":"info"}
{"message":{"url":"/boards/541a2a8c-58ed-448e-b974-ed05ee8e4e57/tasks/a0b50b38-a803-4628-a0f9-422402c215ea","query parameters":{},"body":{}},"level":"info"}
{"message":{"url":"/boards/317a975d-ad4b-4793-aa87-07c71ca65fc1","query parameters":{},"body":{}},"level":"info"}
{"message":{"url":"/boards","query parameters":{},"body":{"title":"Autotest board","columns":[{"title":"Backlog","order":1},{"title":"Sprint","order":2}]}},"level":"info"}
{"message":{"url":"/boards/fc518b38-75b3-4cdc-9798-1d9c34f5db12/tasks","query parameters":{},"body":{"title":"Autotest task","order":0,"description":"Lorem ipsum","userId":null,"boardId":null,"columnId":null}},"level":"info"}
{"message":{"url":"/boards/fc518b38-75b3-4cdc-9798-1d9c34f5db12/tasks","query parameters":{},"body":{}},"level":"info"}
{"message":{"url":"/boards/fc518b38-75b3-4cdc-9798-1d9c34f5db12/tasks","query parameters":{},"body":{}},"level":"info"}
{"message":{"url":"/boards/fc518b38-75b3-4cdc-9798-1d9c34f5db12/tasks/8f08df76-4f81-4e20-9557-80268552b82a","query parameters":{},"body":{}},"level":"info"}
{"message":{"url":"/boards/fc518b38-75b3-4cdc-9798-1d9c34f5db12/tasks","query parameters":{},"body":{"title":"Autotest task","order":0,"description":"Lorem ipsum","userId":null,"boardId":null,"columnId":null}},"level":"info"}
{"message":{"url":"/boards/fc518b38-75b3-4cdc-9798-1d9c34f5db12/tasks/8e0ed224-f4e8-4eab-9cd0-baafa8d454c4","query parameters":{},"body":{}},"level":"info"}
{"message":{"url":"/boards/fc518b38-75b3-4cdc-9798-1d9c34f5db12/tasks","query parameters":{},"body":{"title":"Autotest task","order":0,"description":"Lorem ipsum","userId":null,"boardId":null,"columnId":null}},"level":"info"}
{"message":{"url":"/boards/fc518b38-75b3-4cdc-9798-1d9c34f5db12/tasks/0caeb82a-be68-489b-899a-845a39f7e3c5","query parameters":{},"body":{"id":"0caeb82a-be68-489b-899a-845a39f7e3c5","title":"Autotest updated task","order":0,"description":"Lorem ipsum","userId":null,"boardId":"fc518b38-75b3-4cdc-9798-1d9c34f5db12","columnId":null}},"level":"info"}
{"message":{"url":"/boards/fc518b38-75b3-4cdc-9798-1d9c34f5db12/tasks/0caeb82a-be68-489b-899a-845a39f7e3c5","query parameters":{},"body":{}},"level":"info"}
{"message":{"url":"/boards/fc518b38-75b3-4cdc-9798-1d9c34f5db12/tasks/8f08df76-4f81-4e20-9557-80268552b82a","query parameters":{},"body":{}},"level":"info"}
{"message":{"url":"/boards/fc518b38-75b3-4cdc-9798-1d9c34f5db12/tasks/8f08df76-4f81-4e20-9557-80268552b82a","query parameters":{},"body":{}},"level":"info"}
{"message":{"url":"/boards/fc518b38-75b3-4cdc-9798-1d9c34f5db12/tasks/8f08df76-4f81-4e20-9557-80268552b82a","query parameters":{},"body":{}},"level":"info"}
{"message":{"url":"/boards/fc518b38-75b3-4cdc-9798-1d9c34f5db12","query parameters":{},"body":{}},"level":"info"}
